1596179163618	mozrunner::runner	INFO	Running command: "/Applications/Firefox.app/Contents/MacOS/firefox-bin" "-marionette" "-foreground" "-no-remote" "-profile" "/var/folders/jz/jxm0b_4n6nxdgnxyg25jgsgm0000gn/T/rust_mozprofileG39nMS"
console.error: Region.jsm: "Failed to fetch region" (new TypeError("NetworkError when attempting to fetch resource.", ""))
1596179166590	Marionette	FATAL	Remote protocol server failed to start: [Exception... "Component returned failure code: 0xc1f30001 (NS_ERROR_NOT_INITIALIZED) [nsIServerSocket.asyncListen]"  nsresult: "0xc1f30001 (NS_ERROR_NOT_INITIALIZED)"  location: "JS frame :: chrome://marionette/content/server.js :: set acceptConnections :: line 99"  data: no] Stack trace: set acceptConnections()@server.js:99
start()@server.js:124
init/<()@jar:file:///Applications/Firefox.app/Contents/Resources/omni.ja!/components/marionette.js:510
1596179469402	geckodriver	INFO	Listening on 127.0.0.1:53163
1596179469715	mozrunner::runner	INFO	Running command: "/Applications/Firefox.app/Contents/MacOS/firefox-bin" "--marionette" "-foreground" "-no-remote" "-profile" "/var/folders/jz/jxm0b_4n6nxdgnxyg25jgsgm0000gn/T/rust_mozprofilepMCIRk"
1596179472392	Marionette	INFO	Listening on port 53175
1596179472402	Marionette	WARN	TLS certificate errors will be ignored for this session
1596179476429	Marionette	INFO	Stopped listening on port 53175
1596179530953	geckodriver	INFO	Listening on 127.0.0.1:53245
1596179531961	mozrunner::runner	INFO	Running command: "/Applications/Firefox.app/Contents/MacOS/firefox-bin" "--marionette" "-foreground" "-no-remote" "-profile" "/var/folders/jz/jxm0b_4n6nxdgnxyg25jgsgm0000gn/T/rust_mozprofilejGtokx"
1596179534497	Marionette	INFO	Listening on port 53252
1596179534538	Marionette	WARN	TLS certificate errors will be ignored for this session
1596179548018	Marionette	INFO	Stopped listening on port 53252
1596179576663	geckodriver	INFO	Listening on 127.0.0.1:53307
1596179577671	mozrunner::runner	INFO	Running command: "/Applications/Firefox.app/Contents/MacOS/firefox-bin" "--marionette" "-foreground" "-no-remote" "-profile" "/var/folders/jz/jxm0b_4n6nxdgnxyg25jgsgm0000gn/T/rust_mozprofilesKpycI"
1596179580250	Marionette	INFO	Listening on port 53315
1596179580347	Marionette	WARN	TLS certificate errors will be ignored for this session
1596179654293	Marionette	INFO	Stopped listening on port 53315
